<?xml version="1.0" encoding="UTF-8"?>
<!-- Generated by org.testng.reporters.JUnitReportReporter -->
<testsuite skipped="0" hostname="PurpleFrontJitendra" name="oops.Inheritance" tests="1" failures="0" timestamp="20 Nov 2024 10:30:26 GMT" time="0.026" errors="0">
  <testcase name="inheritance" time="0.026" classname="oops.Inheritance"/>
</testsuite> <!-- oops.Inheritance -->
