<?xml version="1.0" encoding="UTF-8"?>
<!-- Generated by org.testng.reporters.JUnitReportReporter -->
<testsuite skipped="0" hostname="PurpleFrontJitendra" name="oops.Inheritance" tests="1" failures="0" timestamp="19 Nov 2024 09:20:38 GMT" time="0.015" errors="0">
  <testcase name="inheritance" time="0.015" classname="oops.Inheritance"/>
</testsuite> <!-- oops.Inheritance -->
