<?xml version="1.0" encoding="UTF-8"?>
<!-- Generated by org.testng.reporters.JUnitReportReporter -->
<testsuite skipped="0" hostname="PurpleFrontJitendra" name="oops.BaseClass" tests="1" failures="0" timestamp="18 Nov 2024 15:25:50 GMT" time="0.017" errors="0">
  <testcase name="p1" time="0.017" classname="oops.BaseClass"/>
</testsuite> <!-- oops.BaseClass -->
